<?xml version="1.0" encoding="UTF-8"?>
<!-- Generated by org.testng.reporters.JUnitReportReporter -->
<testsuite hostname="FFE-Manikantha-FFE119" failures="0" tests="1" name="org.Automation.ErrorValidationsTest" time="10.599" errors="0" timestamp="2024-02-25T22:24:11 IST" skipped="0">
  <testcase classname="org.Automation.ErrorValidationsTest" name="LoginErrorValidation" time="10.599"/>
</testsuite> <!-- org.Automation.ErrorValidationsTest -->
