<?xml version="1.0" encoding="UTF-8"?>
<!-- Generated by org.testng.reporters.JUnitReportReporter -->
<testsuite hostname="FFE-Manikantha-FFE119" failures="0" tests="2" name="org.Automation.submitOrderTest" time="71.803" errors="0" timestamp="2024-02-25T23:12:15 IST" skipped="0">
  <testcase classname="org.Automation.submitOrderTest" name="OrderHistorytest" time="52.540"/>
  <testcase classname="org.Automation.submitOrderTest" name="submitOrder" time="19.263"/>
</testsuite> <!-- org.Automation.submitOrderTest -->
